<?xml version="1.0" encoding="UTF-8"?>
<coverage generated="1757013732185" clover="3.2.0">
  <project timestamp="1757013732185" name="All files">
    <metrics statements="72" coveredstatements="68" conditionals="45" coveredconditionals="41" methods="17" coveredmethods="17" elements="134" coveredelements="126" complexity="0" loc="72" ncloc="72" packages="2" files="7" classes="7"/>
    <package name="src">
      <metrics statements="28" coveredstatements="27" conditionals="15" coveredconditionals="14" methods="6" coveredmethods="6"/>
      <file name="buildDiffTree.js" path="C:\Users\Segut\fullstack-javascript-project-103\src\buildDiffTree.js">
        <metrics statements="12" coveredstatements="12" conditionals="10" coveredconditionals="10" methods="2" coveredmethods="2"/>
        <line num="4" count="3" type="stmt"/>
        <line num="5" count="35" type="stmt"/>
        <line num="7" count="35" type="stmt"/>
        <line num="8" count="126" type="cond" truecount="2" falsecount="0"/>
        <line num="9" count="35" type="stmt"/>
        <line num="11" count="91" type="cond" truecount="2" falsecount="0"/>
        <line num="12" count="14" type="stmt"/>
        <line num="14" count="77" type="cond" truecount="4" falsecount="0"/>
        <line num="15" count="28" type="stmt"/>
        <line num="17" count="49" type="cond" truecount="2" falsecount="0"/>
        <line num="18" count="28" type="stmt"/>
        <line num="20" count="21" type="stmt"/>
      </file>
      <file name="genDiff.js" path="C:\Users\Segut\fullstack-javascript-project-103\src\genDiff.js">
        <metrics statements="11" coveredstatements="11" conditionals="1" coveredconditionals="1" methods="3" coveredmethods="3"/>
        <line num="7" count="14" type="stmt"/>
        <line num="8" count="14" type="stmt"/>
        <line num="10" count="3" type="cond" truecount="1" falsecount="0"/>
        <line num="11" count="7" type="stmt"/>
        <line num="12" count="7" type="stmt"/>
        <line num="14" count="7" type="stmt"/>
        <line num="15" count="7" type="stmt"/>
        <line num="17" count="7" type="stmt"/>
        <line num="18" count="7" type="stmt"/>
        <line num="20" count="7" type="stmt"/>
        <line num="22" count="7" type="stmt"/>
      </file>
      <file name="parser.js" path="C:\Users\Segut\fullstack-javascript-project-103\src\parser.js">
        <metrics statements="5" coveredstatements="4" conditionals="4" coveredconditionals="3" methods="1" coveredmethods="1"/>
        <line num="3" count="3" type="stmt"/>
        <line num="4" count="14" type="cond" truecount="3" falsecount="1"/>
        <line num="6" count="8" type="stmt"/>
        <line num="9" count="6" type="stmt"/>
        <line num="11" count="0" type="stmt"/>
      </file>
    </package>
    <package name="src.formatters">
      <metrics statements="44" coveredstatements="41" conditionals="30" coveredconditionals="27" methods="11" coveredmethods="11"/>
      <file name="index.js" path="C:\Users\Segut\fullstack-javascript-project-103\src\formatters\index.js">
        <metrics statements="6" coveredstatements="5" conditionals="4" coveredconditionals="3" methods="1" coveredmethods="1"/>
        <line num="5" count="3" type="stmt"/>
        <line num="6" count="7" type="cond" truecount="3" falsecount="1"/>
        <line num="8" count="4" type="stmt"/>
        <line num="10" count="2" type="stmt"/>
        <line num="12" count="1" type="stmt"/>
        <line num="14" count="0" type="stmt"/>
      </file>
      <file name="json.js" path="C:\Users\Segut\fullstack-javascript-project-103\src\formatters\json.js">
        <metrics statements="2" coveredstatements="2" conditionals="0" coveredconditionals="0" methods="1" coveredmethods="1"/>
        <line num="1" count="3" type="stmt"/>
        <line num="2" count="1" type="stmt"/>
      </file>
      <file name="plain.js" path="C:\Users\Segut\fullstack-javascript-project-103\src\formatters\plain.js">
        <metrics statements="16" coveredstatements="15" conditionals="16" coveredconditionals="15" methods="4" coveredmethods="4"/>
        <line num="1" count="26" type="cond" truecount="3" falsecount="0"/>
        <line num="3" count="3" type="stmt"/>
        <line num="4" count="26" type="cond" truecount="2" falsecount="0"/>
        <line num="5" count="20" type="cond" truecount="2" falsecount="0"/>
        <line num="6" count="6" type="stmt"/>
        <line num="9" count="3" type="cond" truecount="1" falsecount="0"/>
        <line num="10" count="10" type="stmt"/>
        <line num="11" count="36" type="cond" truecount="2" falsecount="0"/>
        <line num="13" count="36" type="cond" truecount="5" falsecount="1"/>
        <line num="15" count="10" type="stmt"/>
        <line num="17" count="4" type="stmt"/>
        <line num="19" count="8" type="stmt"/>
        <line num="21" count="8" type="stmt"/>
        <line num="23" count="6" type="stmt"/>
        <line num="25" count="0" type="stmt"/>
        <line num="29" count="10" type="stmt"/>
      </file>
      <file name="stylish.js" path="C:\Users\Segut\fullstack-javascript-project-103\src\formatters\stylish.js">
        <metrics statements="20" coveredstatements="19" conditionals="10" coveredconditionals="9" methods="5" coveredmethods="5"/>
        <line num="3" count="3" type="cond" truecount="1" falsecount="0"/>
        <line num="4" count="172" type="stmt"/>
        <line num="5" count="172" type="stmt"/>
        <line num="8" count="3" type="stmt"/>
        <line num="9" count="108" type="cond" truecount="2" falsecount="0"/>
        <line num="10" count="80" type="stmt"/>
        <line num="12" count="28" type="stmt"/>
        <line num="13" count="36" type="stmt"/>
        <line num="15" count="28" type="stmt"/>
        <line num="16" count="28" type="stmt"/>
        <line num="19" count="3" type="cond" truecount="1" falsecount="0"/>
        <line num="20" count="20" type="stmt"/>
        <line num="21" count="72" type="cond" truecount="5" falsecount="1"/>
        <line num="23" count="8" type="stmt"/>
        <line num="25" count="20" type="stmt"/>
        <line num="27" count="16" type="stmt"/>
        <line num="32" count="12" type="stmt"/>
        <line num="34" count="16" type="stmt"/>
        <line num="36" count="0" type="stmt"/>
        <line num="40" count="20" type="stmt"/>
      </file>
    </package>
  </project>
</coverage>
