<?xml version="1.0" encoding="UTF-8"?>
<coverage generated="1757010797423" clover="3.2.0">
  <project timestamp="1757010797423" name="All files">
    <metrics statements="73" coveredstatements="69" conditionals="44" coveredconditionals="40" methods="22" coveredmethods="22" elements="139" coveredelements="131" complexity="0" loc="73" ncloc="73" packages="2" files="7" classes="7"/>
    <package name="src">
      <metrics statements="28" coveredstatements="27" conditionals="15" coveredconditionals="14" methods="6" coveredmethods="6"/>
      <file name="buildDiffTree.js" path="C:\Users\Segut\fullstack-javascript-project-103\src\buildDiffTree.js">
        <metrics statements="12" coveredstatements="12" conditionals="10" coveredconditionals="10" methods="2" coveredmethods="2"/>
        <line num="4" count="3" type="stmt"/>
        <line num="5" count="30" type="stmt"/>
        <line num="7" count="30" type="stmt"/>
        <line num="8" count="108" type="cond" truecount="2" falsecount="0"/>
        <line num="9" count="30" type="stmt"/>
        <line num="11" count="78" type="cond" truecount="2" falsecount="0"/>
        <line num="12" count="12" type="stmt"/>
        <line num="14" count="66" type="cond" truecount="4" falsecount="0"/>
        <line num="15" count="24" type="stmt"/>
        <line num="17" count="42" type="cond" truecount="2" falsecount="0"/>
        <line num="18" count="24" type="stmt"/>
        <line num="20" count="18" type="stmt"/>
      </file>
      <file name="genDiff.js" path="C:\Users\Segut\fullstack-javascript-project-103\src\genDiff.js">
        <metrics statements="11" coveredstatements="11" conditionals="1" coveredconditionals="1" methods="3" coveredmethods="3"/>
        <line num="7" count="12" type="stmt"/>
        <line num="8" count="12" type="stmt"/>
        <line num="10" count="3" type="cond" truecount="1" falsecount="0"/>
        <line num="11" count="6" type="stmt"/>
        <line num="12" count="6" type="stmt"/>
        <line num="14" count="6" type="stmt"/>
        <line num="15" count="6" type="stmt"/>
        <line num="17" count="6" type="stmt"/>
        <line num="18" count="6" type="stmt"/>
        <line num="20" count="6" type="stmt"/>
        <line num="22" count="6" type="stmt"/>
      </file>
      <file name="parser.js" path="C:\Users\Segut\fullstack-javascript-project-103\src\parser.js">
        <metrics statements="5" coveredstatements="4" conditionals="4" coveredconditionals="3" methods="1" coveredmethods="1"/>
        <line num="3" count="3" type="stmt"/>
        <line num="4" count="12" type="cond" truecount="3" falsecount="1"/>
        <line num="6" count="8" type="stmt"/>
        <line num="9" count="4" type="stmt"/>
        <line num="11" count="0" type="stmt"/>
      </file>
    </package>
    <package name="src.formatters">
      <metrics statements="45" coveredstatements="42" conditionals="29" coveredconditionals="26" methods="16" coveredmethods="16"/>
      <file name="index.js" path="C:\Users\Segut\fullstack-javascript-project-103\src\formatters\index.js">
        <metrics statements="6" coveredstatements="5" conditionals="4" coveredconditionals="3" methods="1" coveredmethods="1"/>
        <line num="5" count="3" type="stmt"/>
        <line num="6" count="6" type="cond" truecount="3" falsecount="1"/>
        <line num="8" count="3" type="stmt"/>
        <line num="10" count="2" type="stmt"/>
        <line num="12" count="1" type="stmt"/>
        <line num="14" count="0" type="stmt"/>
      </file>
      <file name="json.js" path="C:\Users\Segut\fullstack-javascript-project-103\src\formatters\json.js">
        <metrics statements="2" coveredstatements="2" conditionals="0" coveredconditionals="0" methods="1" coveredmethods="1"/>
        <line num="1" count="3" type="stmt"/>
        <line num="2" count="1" type="stmt"/>
      </file>
      <file name="plain.js" path="C:\Users\Segut\fullstack-javascript-project-103\src\formatters\plain.js">
        <metrics statements="16" coveredstatements="15" conditionals="16" coveredconditionals="15" methods="4" coveredmethods="4"/>
        <line num="1" count="26" type="cond" truecount="3" falsecount="0"/>
        <line num="3" count="3" type="stmt"/>
        <line num="4" count="26" type="cond" truecount="2" falsecount="0"/>
        <line num="5" count="20" type="cond" truecount="2" falsecount="0"/>
        <line num="6" count="6" type="stmt"/>
        <line num="9" count="3" type="cond" truecount="1" falsecount="0"/>
        <line num="10" count="10" type="stmt"/>
        <line num="11" count="36" type="cond" truecount="2" falsecount="0"/>
        <line num="13" count="36" type="cond" truecount="5" falsecount="1"/>
        <line num="15" count="10" type="stmt"/>
        <line num="17" count="4" type="stmt"/>
        <line num="19" count="8" type="stmt"/>
        <line num="21" count="8" type="stmt"/>
        <line num="23" count="6" type="stmt"/>
        <line num="25" count="0" type="stmt"/>
        <line num="29" count="10" type="stmt"/>
      </file>
      <file name="stylish.js" path="C:\Users\Segut\fullstack-javascript-project-103\src\formatters\stylish.js">
        <metrics statements="21" coveredstatements="20" conditionals="9" coveredconditionals="8" methods="10" coveredmethods="10"/>
        <line num="3" count="81" type="stmt"/>
        <line num="5" count="45" type="stmt"/>
        <line num="6" count="27" type="stmt"/>
        <line num="7" count="54" type="stmt"/>
        <line num="9" count="3" type="stmt"/>
        <line num="10" count="81" type="cond" truecount="2" falsecount="0"/>
        <line num="11" count="60" type="stmt"/>
        <line num="13" count="21" type="stmt"/>
        <line num="14" count="27" type="stmt"/>
        <line num="15" count="21" type="stmt"/>
        <line num="18" count="3" type="stmt"/>
        <line num="19" count="54" type="cond" truecount="6" falsecount="1"/>
        <line num="21" count="15" type="stmt"/>
        <line num="23" count="6" type="stmt"/>
        <line num="25" count="9" type="stmt"/>
        <line num="28" count="12" type="stmt"/>
        <line num="33" count="42" type="stmt"/>
        <line num="34" count="12" type="stmt"/>
        <line num="37" count="0" type="stmt"/>
        <line num="42" count="12" type="stmt"/>
        <line num="43" count="3" type="stmt"/>
      </file>
    </package>
  </project>
</coverage>
