{"C:\\Users\\Segut\\fullstack-javascript-project-103\\src\\buildDiffTree.js": {"path":"C:\\Users\\Segut\\fullstack-javascript-project-103\\src\\buildDiffTree.js","statementMap":{"0":{"start":{"line":4,"column":22},"end":{"line":22,"column":1}},"1":{"start":{"line":5,"column":17},"end":{"line":5,"column":72}},"2":{"start":{"line":7,"column":4},"end":{"line":21,"column":7}},"3":{"start":{"line":8,"column":8},"end":{"line":10,"column":9}},"4":{"start":{"line":9,"column":12},"end":{"line":9,"column":60}},"5":{"start":{"line":11,"column":8},"end":{"line":13,"column":9}},"6":{"start":{"line":12,"column":12},"end":{"line":12,"column":62}},"7":{"start":{"line":14,"column":8},"end":{"line":16,"column":9}},"8":{"start":{"line":15,"column":12},"end":{"line":15,"column":90}},"9":{"start":{"line":17,"column":8},"end":{"line":19,"column":9}},"10":{"start":{"line":18,"column":12},"end":{"line":18,"column":86}},"11":{"start":{"line":20,"column":8},"end":{"line":20,"column":60}}},"fnMap":{"0":{"name":"(anonymous_0)","decl":{"start":{"line":4,"column":22},"end":{"line":4,"column":23}},"loc":{"start":{"line":4,"column":38},"end":{"line":22,"column":1}},"line":4},"1":{"name":"(anonymous_1)","decl":{"start":{"line":7,"column":20},"end":{"line":7,"column":21}},"loc":{"start":{"line":7,"column":29},"end":{"line":21,"column":5}},"line":7}},"branchMap":{"0":{"loc":{"start":{"line":8,"column":8},"end":{"line":10,"column":9}},"type":"if","locations":[{"start":{"line":8,"column":8},"end":{"line":10,"column":9}},{"start":{},"end":{}}],"line":8},"1":{"loc":{"start":{"line":11,"column":8},"end":{"line":13,"column":9}},"type":"if","locations":[{"start":{"line":11,"column":8},"end":{"line":13,"column":9}},{"start":{},"end":{}}],"line":11},"2":{"loc":{"start":{"line":14,"column":8},"end":{"line":16,"column":9}},"type":"if","locations":[{"start":{"line":14,"column":8},"end":{"line":16,"column":9}},{"start":{},"end":{}}],"line":14},"3":{"loc":{"start":{"line":14,"column":12},"end":{"line":14,"column":58}},"type":"binary-expr","locations":[{"start":{"line":14,"column":12},"end":{"line":14,"column":33}},{"start":{"line":14,"column":37},"end":{"line":14,"column":58}}],"line":14},"4":{"loc":{"start":{"line":17,"column":8},"end":{"line":19,"column":9}},"type":"if","locations":[{"start":{"line":17,"column":8},"end":{"line":19,"column":9}},{"start":{},"end":{}}],"line":17}},"s":{"0":3,"1":30,"2":30,"3":108,"4":30,"5":78,"6":12,"7":66,"8":24,"9":42,"10":24,"11":18},"f":{"0":30,"1":108},"b":{"0":[30,78],"1":[12,66],"2":[24,42],"3":[66,30],"4":[24,18]},"inputSourceMap":null,"_coverageSchema":"1a1c01bbd47fc00a2c39e90264f33305004495a9","hash":"9f322d0d1661900dd18442479dd123d742d9eb72"}
,"C:\\Users\\Segut\\fullstack-javascript-project-103\\src\\genDiff.js": {"path":"C:\\Users\\Segut\\fullstack-javascript-project-103\\src\\genDiff.js","statementMap":{"0":{"start":{"line":7,"column":20},"end":{"line":7,"column":71}},"1":{"start":{"line":7,"column":34},"end":{"line":7,"column":71}},"2":{"start":{"line":8,"column":20},"end":{"line":8,"column":81}},"3":{"start":{"line":8,"column":34},"end":{"line":8,"column":81}},"4":{"start":{"line":10,"column":16},"end":{"line":23,"column":1}},"5":{"start":{"line":11,"column":18},"end":{"line":11,"column":40}},"6":{"start":{"line":12,"column":18},"end":{"line":12,"column":40}},"7":{"start":{"line":14,"column":17},"end":{"line":14,"column":49}},"8":{"start":{"line":15,"column":17},"end":{"line":15,"column":49}},"9":{"start":{"line":17,"column":18},"end":{"line":17,"column":36}},"10":{"start":{"line":18,"column":18},"end":{"line":18,"column":36}},"11":{"start":{"line":20,"column":21},"end":{"line":20,"column":48}},"12":{"start":{"line":22,"column":4},"end":{"line":22,"column":40}}},"fnMap":{"0":{"name":"(anonymous_0)","decl":{"start":{"line":7,"column":20},"end":{"line":7,"column":21}},"loc":{"start":{"line":7,"column":34},"end":{"line":7,"column":71}},"line":7},"1":{"name":"(anonymous_1)","decl":{"start":{"line":8,"column":20},"end":{"line":8,"column":21}},"loc":{"start":{"line":8,"column":34},"end":{"line":8,"column":81}},"line":8},"2":{"name":"(anonymous_2)","decl":{"start":{"line":10,"column":16},"end":{"line":10,"column":17}},"loc":{"start":{"line":10,"column":62},"end":{"line":23,"column":1}},"line":10}},"branchMap":{"0":{"loc":{"start":{"line":10,"column":39},"end":{"line":10,"column":57}},"type":"default-arg","locations":[{"start":{"line":10,"column":48},"end":{"line":10,"column":57}}],"line":10}},"s":{"0":3,"1":12,"2":3,"3":12,"4":3,"5":6,"6":6,"7":6,"8":6,"9":6,"10":6,"11":6,"12":6},"f":{"0":12,"1":12,"2":6},"b":{"0":[3]},"inputSourceMap":null,"_coverageSchema":"1a1c01bbd47fc00a2c39e90264f33305004495a9","hash":"4fd4c02820c0e773405b7ce8f0d1022c4c0efa05"}
,"C:\\Users\\Segut\\fullstack-javascript-project-103\\src\\parser.js": {"path":"C:\\Users\\Segut\\fullstack-javascript-project-103\\src\\parser.js","statementMap":{"0":{"start":{"line":3,"column":14},"end":{"line":13,"column":1}},"1":{"start":{"line":4,"column":4},"end":{"line":12,"column":5}},"2":{"start":{"line":6,"column":12},"end":{"line":6,"column":36}},"3":{"start":{"line":9,"column":12},"end":{"line":9,"column":35}},"4":{"start":{"line":11,"column":12},"end":{"line":11,"column":60}}},"fnMap":{"0":{"name":"(anonymous_0)","decl":{"start":{"line":3,"column":14},"end":{"line":3,"column":15}},"loc":{"start":{"line":3,"column":29},"end":{"line":13,"column":1}},"line":3}},"branchMap":{"0":{"loc":{"start":{"line":4,"column":4},"end":{"line":12,"column":5}},"type":"switch","locations":[{"start":{"line":5,"column":8},"end":{"line":6,"column":36}},{"start":{"line":7,"column":8},"end":{"line":7,"column":19}},{"start":{"line":8,"column":8},"end":{"line":9,"column":35}},{"start":{"line":10,"column":8},"end":{"line":11,"column":60}}],"line":4}},"s":{"0":3,"1":12,"2":8,"3":4,"4":0},"f":{"0":12},"b":{"0":[8,4,4,0]},"inputSourceMap":null,"_coverageSchema":"1a1c01bbd47fc00a2c39e90264f33305004495a9","hash":"aad425afbde34ba493e775e09fe3bd6a9fc28fa0"}
,"C:\\Users\\Segut\\fullstack-javascript-project-103\\src\\formatters\\index.js": {"path":"C:\\Users\\Segut\\fullstack-javascript-project-103\\src\\formatters\\index.js","statementMap":{"0":{"start":{"line":5,"column":19},"end":{"line":16,"column":1}},"1":{"start":{"line":6,"column":4},"end":{"line":15,"column":5}},"2":{"start":{"line":8,"column":12},"end":{"line":8,"column":43}},"3":{"start":{"line":10,"column":12},"end":{"line":10,"column":41}},"4":{"start":{"line":12,"column":12},"end":{"line":12,"column":40}},"5":{"start":{"line":14,"column":12},"end":{"line":14,"column":66}}},"fnMap":{"0":{"name":"(anonymous_0)","decl":{"start":{"line":5,"column":19},"end":{"line":5,"column":20}},"loc":{"start":{"line":5,"column":45},"end":{"line":16,"column":1}},"line":5}},"branchMap":{"0":{"loc":{"start":{"line":6,"column":4},"end":{"line":15,"column":5}},"type":"switch","locations":[{"start":{"line":7,"column":8},"end":{"line":8,"column":43}},{"start":{"line":9,"column":8},"end":{"line":10,"column":41}},{"start":{"line":11,"column":8},"end":{"line":12,"column":40}},{"start":{"line":13,"column":8},"end":{"line":14,"column":66}}],"line":6}},"s":{"0":3,"1":6,"2":3,"3":2,"4":1,"5":0},"f":{"0":6},"b":{"0":[3,2,1,0]},"inputSourceMap":null,"_coverageSchema":"1a1c01bbd47fc00a2c39e90264f33305004495a9","hash":"a079ef55d122518c4939f56643e290a428b7f9b7"}
,"C:\\Users\\Segut\\fullstack-javascript-project-103\\src\\formatters\\json.js": {"path":"C:\\Users\\Segut\\fullstack-javascript-project-103\\src\\formatters\\json.js","statementMap":{"0":{"start":{"line":1,"column":19},"end":{"line":3,"column":1}},"1":{"start":{"line":2,"column":4},"end":{"line":2,"column":45}}},"fnMap":{"0":{"name":"(anonymous_0)","decl":{"start":{"line":1,"column":19},"end":{"line":1,"column":20}},"loc":{"start":{"line":1,"column":33},"end":{"line":3,"column":1}},"line":1}},"branchMap":{},"s":{"0":3,"1":1},"f":{"0":1},"b":{},"inputSourceMap":null,"_coverageSchema":"1a1c01bbd47fc00a2c39e90264f33305004495a9","hash":"fe22b5d3249dd9fb58d89fa09864b1d2706e8f2d"}
,"C:\\Users\\Segut\\fullstack-javascript-project-103\\src\\formatters\\plain.js": {"path":"C:\\Users\\Segut\\fullstack-javascript-project-103\\src\\formatters\\plain.js","statementMap":{"0":{"start":{"line":1,"column":17},"end":{"line":1,"column":79}},"1":{"start":{"line":1,"column":26},"end":{"line":1,"column":79}},"2":{"start":{"line":3,"column":22},"end":{"line":7,"column":1}},"3":{"start":{"line":4,"column":4},"end":{"line":4,"column":50}},"4":{"start":{"line":4,"column":25},"end":{"line":4,"column":50}},"5":{"start":{"line":5,"column":4},"end":{"line":5,"column":55}},"6":{"start":{"line":5,"column":35},"end":{"line":5,"column":55}},"7":{"start":{"line":6,"column":4},"end":{"line":6,"column":25}},"8":{"start":{"line":9,"column":18},"end":{"line":30,"column":1}},"9":{"start":{"line":10,"column":18},"end":{"line":27,"column":6}},"10":{"start":{"line":11,"column":25},"end":{"line":11,"column":64}},"11":{"start":{"line":13,"column":8},"end":{"line":26,"column":9}},"12":{"start":{"line":15,"column":16},"end":{"line":15,"column":99}},"13":{"start":{"line":17,"column":16},"end":{"line":17,"column":60}},"14":{"start":{"line":19,"column":16},"end":{"line":19,"column":133}},"15":{"start":{"line":21,"column":16},"end":{"line":21,"column":58}},"16":{"start":{"line":23,"column":16},"end":{"line":23,"column":26}},"17":{"start":{"line":25,"column":16},"end":{"line":25,"column":62}},"18":{"start":{"line":29,"column":4},"end":{"line":29,"column":28}}},"fnMap":{"0":{"name":"(anonymous_0)","decl":{"start":{"line":1,"column":17},"end":{"line":1,"column":18}},"loc":{"start":{"line":1,"column":26},"end":{"line":1,"column":79}},"line":1},"1":{"name":"(anonymous_1)","decl":{"start":{"line":3,"column":22},"end":{"line":3,"column":23}},"loc":{"start":{"line":3,"column":33},"end":{"line":7,"column":1}},"line":3},"2":{"name":"(anonymous_2)","decl":{"start":{"line":9,"column":18},"end":{"line":9,"column":19}},"loc":{"start":{"line":9,"column":43},"end":{"line":30,"column":1}},"line":9},"3":{"name":"(anonymous_3)","decl":{"start":{"line":10,"column":35},"end":{"line":10,"column":36}},"loc":{"start":{"line":10,"column":45},"end":{"line":27,"column":5}},"line":10}},"branchMap":{"0":{"loc":{"start":{"line":1,"column":26},"end":{"line":1,"column":79}},"type":"binary-expr","locations":[{"start":{"line":1,"column":26},"end":{"line":1,"column":29}},{"start":{"line":1,"column":33},"end":{"line":1,"column":56}},{"start":{"line":1,"column":60},"end":{"line":1,"column":79}}],"line":1},"1":{"loc":{"start":{"line":4,"column":4},"end":{"line":4,"column":50}},"type":"if","locations":[{"start":{"line":4,"column":4},"end":{"line":4,"column":50}},{"start":{},"end":{}}],"line":4},"2":{"loc":{"start":{"line":5,"column":4},"end":{"line":5,"column":55}},"type":"if","locations":[{"start":{"line":5,"column":4},"end":{"line":5,"column":55}},{"start":{},"end":{}}],"line":5},"3":{"loc":{"start":{"line":9,"column":29},"end":{"line":9,"column":38}},"type":"default-arg","locations":[{"start":{"line":9,"column":36},"end":{"line":9,"column":38}}],"line":9},"4":{"loc":{"start":{"line":11,"column":25},"end":{"line":11,"column":64}},"type":"cond-expr","locations":[{"start":{"line":11,"column":32},"end":{"line":11,"column":53}},{"start":{"line":11,"column":56},"end":{"line":11,"column":64}}],"line":11},"5":{"loc":{"start":{"line":13,"column":8},"end":{"line":26,"column":9}},"type":"switch","locations":[{"start":{"line":14,"column":12},"end":{"line":15,"column":99}},{"start":{"line":16,"column":12},"end":{"line":17,"column":60}},{"start":{"line":18,"column":12},"end":{"line":19,"column":133}},{"start":{"line":20,"column":12},"end":{"line":21,"column":58}},{"start":{"line":22,"column":12},"end":{"line":23,"column":26}},{"start":{"line":24,"column":12},"end":{"line":25,"column":62}}],"line":13}},"s":{"0":3,"1":26,"2":3,"3":26,"4":6,"5":20,"6":14,"7":6,"8":3,"9":10,"10":36,"11":36,"12":10,"13":4,"14":8,"15":8,"16":6,"17":0,"18":10},"f":{"0":26,"1":26,"2":10,"3":36},"b":{"0":[26,20,6],"1":[6,20],"2":[14,6],"3":[2],"4":[28,8],"5":[10,4,8,8,6,0]},"inputSourceMap":null,"_coverageSchema":"1a1c01bbd47fc00a2c39e90264f33305004495a9","hash":"373fef623d025b5f563169c018855407cf3e9b9c"}
,"C:\\Users\\Segut\\fullstack-javascript-project-103\\src\\formatters\\stylish.js": {"path":"C:\\Users\\Segut\\fullstack-javascript-project-103\\src\\formatters\\stylish.js","statementMap":{"0":{"start":{"line":3,"column":17},"end":{"line":3,"column":46}},"1":{"start":{"line":3,"column":26},"end":{"line":3,"column":46}},"2":{"start":{"line":5,"column":15},"end":{"line":5,"column":51}},"3":{"start":{"line":5,"column":26},"end":{"line":5,"column":51}},"4":{"start":{"line":6,"column":20},"end":{"line":6,"column":52}},"5":{"start":{"line":6,"column":31},"end":{"line":6,"column":52}},"6":{"start":{"line":7,"column":22},"end":{"line":7,"column":60}},"7":{"start":{"line":7,"column":33},"end":{"line":7,"column":60}},"8":{"start":{"line":9,"column":18},"end":{"line":16,"column":1}},"9":{"start":{"line":10,"column":4},"end":{"line":12,"column":5}},"10":{"start":{"line":11,"column":8},"end":{"line":11,"column":29}},"11":{"start":{"line":13,"column":18},"end":{"line":14,"column":85}},"12":{"start":{"line":14,"column":25},"end":{"line":14,"column":84}},"13":{"start":{"line":15,"column":4},"end":{"line":15,"column":66}},"14":{"start":{"line":18,"column":13},"end":{"line":39,"column":1}},"15":{"start":{"line":19,"column":4},"end":{"line":38,"column":5}},"16":{"start":{"line":21,"column":12},"end":{"line":21,"column":84}},"17":{"start":{"line":23,"column":12},"end":{"line":23,"column":84}},"18":{"start":{"line":25,"column":12},"end":{"line":25,"column":91}},"19":{"start":{"line":28,"column":12},"end":{"line":31,"column":25}},"20":{"start":{"line":33,"column":29},"end":{"line":33,"column":92}},"21":{"start":{"line":33,"column":58},"end":{"line":33,"column":80}},"22":{"start":{"line":34,"column":12},"end":{"line":34,"column":102}},"23":{"start":{"line":37,"column":12},"end":{"line":37,"column":63}},"24":{"start":{"line":42,"column":18},"end":{"line":42,"column":61}},"25":{"start":{"line":42,"column":36},"end":{"line":42,"column":49}},"26":{"start":{"line":43,"column":4},"end":{"line":43,"column":28}}},"fnMap":{"0":{"name":"(anonymous_0)","decl":{"start":{"line":3,"column":17},"end":{"line":3,"column":18}},"loc":{"start":{"line":3,"column":26},"end":{"line":3,"column":46}},"line":3},"1":{"name":"(anonymous_1)","decl":{"start":{"line":5,"column":15},"end":{"line":5,"column":16}},"loc":{"start":{"line":5,"column":26},"end":{"line":5,"column":51}},"line":5},"2":{"name":"(anonymous_2)","decl":{"start":{"line":6,"column":20},"end":{"line":6,"column":21}},"loc":{"start":{"line":6,"column":31},"end":{"line":6,"column":52}},"line":6},"3":{"name":"(anonymous_3)","decl":{"start":{"line":7,"column":22},"end":{"line":7,"column":23}},"loc":{"start":{"line":7,"column":33},"end":{"line":7,"column":60}},"line":7},"4":{"name":"(anonymous_4)","decl":{"start":{"line":9,"column":18},"end":{"line":9,"column":19}},"loc":{"start":{"line":9,"column":36},"end":{"line":16,"column":1}},"line":9},"5":{"name":"(anonymous_5)","decl":{"start":{"line":14,"column":13},"end":{"line":14,"column":14}},"loc":{"start":{"line":14,"column":25},"end":{"line":14,"column":84}},"line":14},"6":{"name":"(anonymous_6)","decl":{"start":{"line":18,"column":13},"end":{"line":18,"column":14}},"loc":{"start":{"line":18,"column":30},"end":{"line":39,"column":1}},"line":18},"7":{"name":"(anonymous_7)","decl":{"start":{"line":33,"column":47},"end":{"line":33,"column":48}},"loc":{"start":{"line":33,"column":58},"end":{"line":33,"column":80}},"line":33},"8":{"name":"(anonymous_8)","decl":{"start":{"line":41,"column":15},"end":{"line":41,"column":16}},"loc":{"start":{"line":41,"column":24},"end":{"line":44,"column":1}},"line":41},"9":{"name":"(anonymous_9)","decl":{"start":{"line":42,"column":26},"end":{"line":42,"column":27}},"loc":{"start":{"line":42,"column":36},"end":{"line":42,"column":49}},"line":42}},"branchMap":{"0":{"loc":{"start":{"line":10,"column":4},"end":{"line":12,"column":5}},"type":"if","locations":[{"start":{"line":10,"column":4},"end":{"line":12,"column":5}},{"start":{},"end":{}}],"line":10},"1":{"loc":{"start":{"line":19,"column":4},"end":{"line":38,"column":5}},"type":"switch","locations":[{"start":{"line":20,"column":8},"end":{"line":21,"column":84}},{"start":{"line":22,"column":8},"end":{"line":23,"column":84}},{"start":{"line":24,"column":8},"end":{"line":25,"column":91}},{"start":{"line":26,"column":8},"end":{"line":26,"column":23}},{"start":{"line":27,"column":8},"end":{"line":31,"column":25}},{"start":{"line":32,"column":8},"end":{"line":35,"column":9}},{"start":{"line":36,"column":8},"end":{"line":37,"column":63}}],"line":19}},"s":{"0":3,"1":81,"2":3,"3":45,"4":3,"5":27,"6":3,"7":54,"8":3,"9":81,"10":60,"11":21,"12":27,"13":21,"14":3,"15":54,"16":15,"17":6,"18":9,"19":12,"20":12,"21":42,"22":12,"23":0,"24":3,"25":12,"26":3},"f":{"0":81,"1":45,"2":27,"3":54,"4":81,"5":27,"6":54,"7":42,"8":3,"9":12},"b":{"0":[60,21],"1":[15,6,9,12,12,12,0]},"inputSourceMap":null,"_coverageSchema":"1a1c01bbd47fc00a2c39e90264f33305004495a9","hash":"013fdb6930385b262e3e1942a8c76e1060bd76e8"}
}
