{"C:\\Users\\Segut\\fullstack-javascript-project-103\\src\\buildDiffTree.js": {"path":"C:\\Users\\Segut\\fullstack-javascript-project-103\\src\\buildDiffTree.js","statementMap":{"0":{"start":{"line":4,"column":22},"end":{"line":22,"column":1}},"1":{"start":{"line":5,"column":17},"end":{"line":5,"column":72}},"2":{"start":{"line":7,"column":4},"end":{"line":21,"column":7}},"3":{"start":{"line":8,"column":8},"end":{"line":10,"column":9}},"4":{"start":{"line":9,"column":12},"end":{"line":9,"column":60}},"5":{"start":{"line":11,"column":8},"end":{"line":13,"column":9}},"6":{"start":{"line":12,"column":12},"end":{"line":12,"column":62}},"7":{"start":{"line":14,"column":8},"end":{"line":16,"column":9}},"8":{"start":{"line":15,"column":12},"end":{"line":15,"column":90}},"9":{"start":{"line":17,"column":8},"end":{"line":19,"column":9}},"10":{"start":{"line":18,"column":12},"end":{"line":18,"column":86}},"11":{"start":{"line":20,"column":8},"end":{"line":20,"column":60}}},"fnMap":{"0":{"name":"(anonymous_0)","decl":{"start":{"line":4,"column":22},"end":{"line":4,"column":23}},"loc":{"start":{"line":4,"column":38},"end":{"line":22,"column":1}},"line":4},"1":{"name":"(anonymous_1)","decl":{"start":{"line":7,"column":20},"end":{"line":7,"column":21}},"loc":{"start":{"line":7,"column":29},"end":{"line":21,"column":5}},"line":7}},"branchMap":{"0":{"loc":{"start":{"line":8,"column":8},"end":{"line":10,"column":9}},"type":"if","locations":[{"start":{"line":8,"column":8},"end":{"line":10,"column":9}},{"start":{},"end":{}}],"line":8},"1":{"loc":{"start":{"line":11,"column":8},"end":{"line":13,"column":9}},"type":"if","locations":[{"start":{"line":11,"column":8},"end":{"line":13,"column":9}},{"start":{},"end":{}}],"line":11},"2":{"loc":{"start":{"line":14,"column":8},"end":{"line":16,"column":9}},"type":"if","locations":[{"start":{"line":14,"column":8},"end":{"line":16,"column":9}},{"start":{},"end":{}}],"line":14},"3":{"loc":{"start":{"line":14,"column":12},"end":{"line":14,"column":58}},"type":"binary-expr","locations":[{"start":{"line":14,"column":12},"end":{"line":14,"column":33}},{"start":{"line":14,"column":37},"end":{"line":14,"column":58}}],"line":14},"4":{"loc":{"start":{"line":17,"column":8},"end":{"line":19,"column":9}},"type":"if","locations":[{"start":{"line":17,"column":8},"end":{"line":19,"column":9}},{"start":{},"end":{}}],"line":17}},"s":{"0":2,"1":30,"2":30,"3":108,"4":30,"5":78,"6":12,"7":66,"8":24,"9":42,"10":24,"11":18},"f":{"0":30,"1":108},"b":{"0":[30,78],"1":[12,66],"2":[24,42],"3":[66,30],"4":[24,18]},"inputSourceMap":null,"_coverageSchema":"1a1c01bbd47fc00a2c39e90264f33305004495a9","hash":"9f322d0d1661900dd18442479dd123d742d9eb72"}
,"C:\\Users\\Segut\\fullstack-javascript-project-103\\src\\genDiff.js": {"path":"C:\\Users\\Segut\\fullstack-javascript-project-103\\src\\genDiff.js","statementMap":{"0":{"start":{"line":7,"column":16},"end":{"line":11,"column":1}},"1":{"start":{"line":8,"column":16},"end":{"line":8,"column":47}},"2":{"start":{"line":9,"column":17},"end":{"line":9,"column":51}},"3":{"start":{"line":10,"column":4},"end":{"line":10,"column":28}},"4":{"start":{"line":13,"column":16},"end":{"line":20,"column":1}},"5":{"start":{"line":14,"column":17},"end":{"line":14,"column":35}},"6":{"start":{"line":15,"column":17},"end":{"line":15,"column":35}},"7":{"start":{"line":17,"column":21},"end":{"line":17,"column":46}},"8":{"start":{"line":19,"column":4},"end":{"line":19,"column":44}}},"fnMap":{"0":{"name":"(anonymous_0)","decl":{"start":{"line":7,"column":16},"end":{"line":7,"column":17}},"loc":{"start":{"line":7,"column":30},"end":{"line":11,"column":1}},"line":7},"1":{"name":"(anonymous_1)","decl":{"start":{"line":13,"column":16},"end":{"line":13,"column":17}},"loc":{"start":{"line":13,"column":66},"end":{"line":20,"column":1}},"line":13}},"branchMap":{"0":{"loc":{"start":{"line":13,"column":39},"end":{"line":13,"column":61}},"type":"default-arg","locations":[{"start":{"line":13,"column":52},"end":{"line":13,"column":61}}],"line":13}},"s":{"0":2,"1":12,"2":12,"3":12,"4":2,"5":6,"6":6,"7":6,"8":6},"f":{"0":12,"1":6},"b":{"0":[4]},"inputSourceMap":null,"_coverageSchema":"1a1c01bbd47fc00a2c39e90264f33305004495a9","hash":"48c6e464a8d4c62cd8c19d07f08798305791645f"}
,"C:\\Users\\Segut\\fullstack-javascript-project-103\\src\\parser.js": {"path":"C:\\Users\\Segut\\fullstack-javascript-project-103\\src\\parser.js","statementMap":{"0":{"start":{"line":5,"column":14},"end":{"line":15,"column":1}},"1":{"start":{"line":6,"column":4},"end":{"line":14,"column":5}},"2":{"start":{"line":8,"column":12},"end":{"line":8,"column":36}},"3":{"start":{"line":11,"column":12},"end":{"line":11,"column":35}},"4":{"start":{"line":13,"column":12},"end":{"line":13,"column":60}}},"fnMap":{"0":{"name":"(anonymous_0)","decl":{"start":{"line":5,"column":14},"end":{"line":5,"column":15}},"loc":{"start":{"line":5,"column":29},"end":{"line":15,"column":1}},"line":5}},"branchMap":{"0":{"loc":{"start":{"line":6,"column":4},"end":{"line":14,"column":5}},"type":"switch","locations":[{"start":{"line":7,"column":8},"end":{"line":8,"column":36}},{"start":{"line":9,"column":8},"end":{"line":9,"column":19}},{"start":{"line":10,"column":8},"end":{"line":11,"column":35}},{"start":{"line":12,"column":8},"end":{"line":13,"column":60}}],"line":6}},"s":{"0":2,"1":12,"2":6,"3":6,"4":0},"f":{"0":12},"b":{"0":[6,6,6,0]},"inputSourceMap":null,"_coverageSchema":"1a1c01bbd47fc00a2c39e90264f33305004495a9","hash":"ac8f3eafd2aed9feb63fb3356caba88b6a0f5490"}
,"C:\\Users\\Segut\\fullstack-javascript-project-103\\src\\formatters\\index.js": {"path":"C:\\Users\\Segut\\fullstack-javascript-project-103\\src\\formatters\\index.js","statementMap":{"0":{"start":{"line":4,"column":19},"end":{"line":7,"column":1}},"1":{"start":{"line":9,"column":19},"end":{"line":13,"column":1}},"2":{"start":{"line":10,"column":22},"end":{"line":10,"column":44}},"3":{"start":{"line":11,"column":4},"end":{"line":11,"column":69}},"4":{"start":{"line":11,"column":20},"end":{"line":11,"column":69}},"5":{"start":{"line":12,"column":4},"end":{"line":12,"column":31}}},"fnMap":{"0":{"name":"(anonymous_0)","decl":{"start":{"line":9,"column":19},"end":{"line":9,"column":20}},"loc":{"start":{"line":9,"column":57},"end":{"line":13,"column":1}},"line":9}},"branchMap":{"0":{"loc":{"start":{"line":9,"column":30},"end":{"line":9,"column":52}},"type":"default-arg","locations":[{"start":{"line":9,"column":43},"end":{"line":9,"column":52}}],"line":9},"1":{"loc":{"start":{"line":11,"column":4},"end":{"line":11,"column":69}},"type":"if","locations":[{"start":{"line":11,"column":4},"end":{"line":11,"column":69}},{"start":{},"end":{}}],"line":11}},"s":{"0":2,"1":2,"2":6,"3":6,"4":0,"5":6},"f":{"0":6},"b":{"0":[0],"1":[0,6]},"inputSourceMap":null,"_coverageSchema":"1a1c01bbd47fc00a2c39e90264f33305004495a9","hash":"d3a93c3b9c65c3c275bb14ac884adb7af2ce1cee"}
,"C:\\Users\\Segut\\fullstack-javascript-project-103\\src\\formatters\\plain.js": {"path":"C:\\Users\\Segut\\fullstack-javascript-project-103\\src\\formatters\\plain.js","statementMap":{"0":{"start":{"line":1,"column":17},"end":{"line":1,"column":79}},"1":{"start":{"line":1,"column":26},"end":{"line":1,"column":79}},"2":{"start":{"line":3,"column":22},"end":{"line":7,"column":1}},"3":{"start":{"line":4,"column":4},"end":{"line":4,"column":50}},"4":{"start":{"line":4,"column":25},"end":{"line":4,"column":50}},"5":{"start":{"line":5,"column":4},"end":{"line":5,"column":55}},"6":{"start":{"line":5,"column":35},"end":{"line":5,"column":55}},"7":{"start":{"line":6,"column":4},"end":{"line":6,"column":25}},"8":{"start":{"line":9,"column":18},"end":{"line":30,"column":1}},"9":{"start":{"line":10,"column":18},"end":{"line":27,"column":6}},"10":{"start":{"line":11,"column":25},"end":{"line":11,"column":64}},"11":{"start":{"line":13,"column":8},"end":{"line":26,"column":9}},"12":{"start":{"line":15,"column":16},"end":{"line":15,"column":99}},"13":{"start":{"line":17,"column":16},"end":{"line":17,"column":60}},"14":{"start":{"line":19,"column":16},"end":{"line":19,"column":133}},"15":{"start":{"line":21,"column":16},"end":{"line":21,"column":58}},"16":{"start":{"line":23,"column":16},"end":{"line":23,"column":26}},"17":{"start":{"line":25,"column":16},"end":{"line":25,"column":62}},"18":{"start":{"line":29,"column":4},"end":{"line":29,"column":28}}},"fnMap":{"0":{"name":"(anonymous_0)","decl":{"start":{"line":1,"column":17},"end":{"line":1,"column":18}},"loc":{"start":{"line":1,"column":26},"end":{"line":1,"column":79}},"line":1},"1":{"name":"(anonymous_1)","decl":{"start":{"line":3,"column":22},"end":{"line":3,"column":23}},"loc":{"start":{"line":3,"column":33},"end":{"line":7,"column":1}},"line":3},"2":{"name":"(anonymous_2)","decl":{"start":{"line":9,"column":18},"end":{"line":9,"column":19}},"loc":{"start":{"line":9,"column":43},"end":{"line":30,"column":1}},"line":9},"3":{"name":"(anonymous_3)","decl":{"start":{"line":10,"column":35},"end":{"line":10,"column":36}},"loc":{"start":{"line":10,"column":45},"end":{"line":27,"column":5}},"line":10}},"branchMap":{"0":{"loc":{"start":{"line":1,"column":26},"end":{"line":1,"column":79}},"type":"binary-expr","locations":[{"start":{"line":1,"column":26},"end":{"line":1,"column":29}},{"start":{"line":1,"column":33},"end":{"line":1,"column":56}},{"start":{"line":1,"column":60},"end":{"line":1,"column":79}}],"line":1},"1":{"loc":{"start":{"line":4,"column":4},"end":{"line":4,"column":50}},"type":"if","locations":[{"start":{"line":4,"column":4},"end":{"line":4,"column":50}},{"start":{},"end":{}}],"line":4},"2":{"loc":{"start":{"line":5,"column":4},"end":{"line":5,"column":55}},"type":"if","locations":[{"start":{"line":5,"column":4},"end":{"line":5,"column":55}},{"start":{},"end":{}}],"line":5},"3":{"loc":{"start":{"line":9,"column":29},"end":{"line":9,"column":38}},"type":"default-arg","locations":[{"start":{"line":9,"column":36},"end":{"line":9,"column":38}}],"line":9},"4":{"loc":{"start":{"line":11,"column":25},"end":{"line":11,"column":64}},"type":"cond-expr","locations":[{"start":{"line":11,"column":32},"end":{"line":11,"column":53}},{"start":{"line":11,"column":56},"end":{"line":11,"column":64}}],"line":11},"5":{"loc":{"start":{"line":13,"column":8},"end":{"line":26,"column":9}},"type":"switch","locations":[{"start":{"line":14,"column":12},"end":{"line":15,"column":99}},{"start":{"line":16,"column":12},"end":{"line":17,"column":60}},{"start":{"line":18,"column":12},"end":{"line":19,"column":133}},{"start":{"line":20,"column":12},"end":{"line":21,"column":58}},{"start":{"line":22,"column":12},"end":{"line":23,"column":26}},{"start":{"line":24,"column":12},"end":{"line":25,"column":62}}],"line":13}},"s":{"0":2,"1":26,"2":2,"3":26,"4":6,"5":20,"6":14,"7":6,"8":2,"9":10,"10":36,"11":36,"12":10,"13":4,"14":8,"15":8,"16":6,"17":0,"18":10},"f":{"0":26,"1":26,"2":10,"3":36},"b":{"0":[26,20,6],"1":[6,20],"2":[14,6],"3":[2],"4":[28,8],"5":[10,4,8,8,6,0]},"inputSourceMap":null,"_coverageSchema":"1a1c01bbd47fc00a2c39e90264f33305004495a9","hash":"373fef623d025b5f563169c018855407cf3e9b9c"}
,"C:\\Users\\Segut\\fullstack-javascript-project-103\\src\\formatters\\stylish.js": {"path":"C:\\Users\\Segut\\fullstack-javascript-project-103\\src\\formatters\\stylish.js","statementMap":{"0":{"start":{"line":3,"column":15},"end":{"line":6,"column":1}},"1":{"start":{"line":4,"column":18},"end":{"line":4,"column":41}},"2":{"start":{"line":5,"column":4},"end":{"line":5,"column":42}},"3":{"start":{"line":8,"column":18},"end":{"line":16,"column":1}},"4":{"start":{"line":9,"column":4},"end":{"line":11,"column":5}},"5":{"start":{"line":10,"column":8},"end":{"line":10,"column":28}},"6":{"start":{"line":12,"column":20},"end":{"line":14,"column":5}},"7":{"start":{"line":13,"column":24},"end":{"line":13,"column":84}},"8":{"start":{"line":15,"column":4},"end":{"line":15,"column":59}},"9":{"start":{"line":18,"column":22},"end":{"line":39,"column":1}},"10":{"start":{"line":19,"column":18},"end":{"line":37,"column":6}},"11":{"start":{"line":20,"column":8},"end":{"line":36,"column":9}},"12":{"start":{"line":22,"column":16},"end":{"line":22,"column":88}},"13":{"start":{"line":24,"column":16},"end":{"line":24,"column":88}},"14":{"start":{"line":26,"column":16},"end":{"line":29,"column":29}},"15":{"start":{"line":31,"column":16},"end":{"line":31,"column":88}},"16":{"start":{"line":33,"column":16},"end":{"line":33,"column":99}},"17":{"start":{"line":35,"column":16},"end":{"line":35,"column":62}},"18":{"start":{"line":38,"column":4},"end":{"line":38,"column":61}}},"fnMap":{"0":{"name":"(anonymous_0)","decl":{"start":{"line":3,"column":15},"end":{"line":3,"column":16}},"loc":{"start":{"line":3,"column":43},"end":{"line":6,"column":1}},"line":3},"1":{"name":"(anonymous_1)","decl":{"start":{"line":8,"column":18},"end":{"line":8,"column":19}},"loc":{"start":{"line":8,"column":35},"end":{"line":16,"column":1}},"line":8},"2":{"name":"(anonymous_2)","decl":{"start":{"line":13,"column":8},"end":{"line":13,"column":9}},"loc":{"start":{"line":13,"column":24},"end":{"line":13,"column":84}},"line":13},"3":{"name":"(anonymous_3)","decl":{"start":{"line":18,"column":22},"end":{"line":18,"column":23}},"loc":{"start":{"line":18,"column":43},"end":{"line":39,"column":1}},"line":18},"4":{"name":"(anonymous_4)","decl":{"start":{"line":19,"column":27},"end":{"line":19,"column":28}},"loc":{"start":{"line":19,"column":37},"end":{"line":37,"column":5}},"line":19}},"branchMap":{"0":{"loc":{"start":{"line":3,"column":23},"end":{"line":3,"column":38}},"type":"default-arg","locations":[{"start":{"line":3,"column":37},"end":{"line":3,"column":38}}],"line":3},"1":{"loc":{"start":{"line":9,"column":4},"end":{"line":11,"column":5}},"type":"if","locations":[{"start":{"line":9,"column":4},"end":{"line":11,"column":5}},{"start":{},"end":{}}],"line":9},"2":{"loc":{"start":{"line":18,"column":29},"end":{"line":18,"column":38}},"type":"default-arg","locations":[{"start":{"line":18,"column":37},"end":{"line":18,"column":38}}],"line":18},"3":{"loc":{"start":{"line":20,"column":8},"end":{"line":36,"column":9}},"type":"switch","locations":[{"start":{"line":21,"column":12},"end":{"line":22,"column":88}},{"start":{"line":23,"column":12},"end":{"line":24,"column":88}},{"start":{"line":25,"column":12},"end":{"line":29,"column":29}},{"start":{"line":30,"column":12},"end":{"line":31,"column":88}},{"start":{"line":32,"column":12},"end":{"line":33,"column":99}},{"start":{"line":34,"column":12},"end":{"line":35,"column":62}}],"line":20}},"s":{"0":2,"1":172,"2":172,"3":2,"4":108,"5":80,"6":28,"7":36,"8":28,"9":2,"10":20,"11":72,"12":8,"13":20,"14":16,"15":12,"16":16,"17":0,"18":20},"f":{"0":172,"1":108,"2":36,"3":20,"4":72},"b":{"0":[172],"1":[80,28],"2":[4],"3":[8,20,16,12,16,0]},"inputSourceMap":null,"_coverageSchema":"1a1c01bbd47fc00a2c39e90264f33305004495a9","hash":"c8a7d5c20a9417a76f21f205dde68df760731b2e"}
}
