TN:
SF:src\buildDiffTree.js
FN:4,(anonymous_0)
FN:7,(anonymous_1)
FNF:2
FNH:2
FNDA:35,(anonymous_0)
FNDA:126,(anonymous_1)
DA:4,3
DA:5,35
DA:7,35
DA:8,126
DA:9,35
DA:11,91
DA:12,14
DA:14,77
DA:15,28
DA:17,49
DA:18,28
DA:20,21
LF:12
LH:12
BRDA:8,0,0,35
BRDA:8,0,1,91
BRDA:11,1,0,14
BRDA:11,1,1,77
BRDA:14,2,0,28
BRDA:14,2,1,49
BRDA:14,3,0,77
BRDA:14,3,1,35
BRDA:17,4,0,28
BRDA:17,4,1,21
BRF:10
BRH:10
end_of_record
TN:
SF:src\genDiff.js
FN:7,(anonymous_0)
FN:8,(anonymous_1)
FN:10,(anonymous_2)
FNF:3
FNH:3
FNDA:14,(anonymous_0)
FNDA:14,(anonymous_1)
FNDA:7,(anonymous_2)
DA:7,14
DA:8,14
DA:10,3
DA:11,7
DA:12,7
DA:14,7
DA:15,7
DA:17,7
DA:18,7
DA:20,7
DA:22,7
LF:11
LH:11
BRDA:10,0,0,4
BRF:1
BRH:1
end_of_record
TN:
SF:src\parser.js
FN:3,(anonymous_0)
FNF:1
FNH:1
FNDA:14,(anonymous_0)
DA:3,3
DA:4,14
DA:6,8
DA:9,6
DA:11,0
LF:5
LH:4
BRDA:4,0,0,8
BRDA:4,0,1,6
BRDA:4,0,2,6
BRDA:4,0,3,0
BRF:4
BRH:3
end_of_record
TN:
SF:src\formatters\index.js
FN:5,(anonymous_0)
FNF:1
FNH:1
FNDA:7,(anonymous_0)
DA:5,3
DA:6,7
DA:8,4
DA:10,2
DA:12,1
DA:14,0
LF:6
LH:5
BRDA:6,0,0,4
BRDA:6,0,1,2
BRDA:6,0,2,1
BRDA:6,0,3,0
BRF:4
BRH:3
end_of_record
TN:
SF:src\formatters\json.js
FN:1,(anonymous_0)
FNF:1
FNH:1
FNDA:1,(anonymous_0)
DA:1,3
DA:2,1
LF:2
LH:2
BRF:0
BRH:0
end_of_record
TN:
SF:src\formatters\plain.js
FN:1,(anonymous_0)
FN:3,(anonymous_1)
FN:9,(anonymous_2)
FN:10,(anonymous_3)
FNF:4
FNH:4
FNDA:26,(anonymous_0)
FNDA:26,(anonymous_1)
FNDA:10,(anonymous_2)
FNDA:36,(anonymous_3)
DA:1,26
DA:3,3
DA:4,26
DA:5,20
DA:6,6
DA:9,3
DA:10,10
DA:11,36
DA:13,36
DA:15,10
DA:17,4
DA:19,8
DA:21,8
DA:23,6
DA:25,0
DA:29,10
LF:16
LH:15
BRDA:1,0,0,26
BRDA:1,0,1,20
BRDA:1,0,2,6
BRDA:4,1,0,6
BRDA:4,1,1,20
BRDA:5,2,0,14
BRDA:5,2,1,6
BRDA:9,3,0,2
BRDA:11,4,0,28
BRDA:11,4,1,8
BRDA:13,5,0,10
BRDA:13,5,1,4
BRDA:13,5,2,8
BRDA:13,5,3,8
BRDA:13,5,4,6
BRDA:13,5,5,0
BRF:16
BRH:15
end_of_record
TN:
SF:src\formatters\stylish.js
FN:3,(anonymous_0)
FN:8,(anonymous_1)
FN:13,(anonymous_2)
FN:18,(anonymous_3)
FN:19,(anonymous_4)
FNF:5
FNH:5
FNDA:172,(anonymous_0)
FNDA:108,(anonymous_1)
FNDA:36,(anonymous_2)
FNDA:20,(anonymous_3)
FNDA:72,(anonymous_4)
DA:3,3
DA:4,172
DA:5,172
DA:8,3
DA:9,108
DA:10,80
DA:12,28
DA:13,36
DA:15,28
DA:18,3
DA:19,20
DA:20,72
DA:22,8
DA:24,20
DA:26,16
DA:31,12
DA:33,16
DA:35,0
DA:38,20
LF:19
LH:18
BRDA:3,0,0,172
BRDA:9,1,0,80
BRDA:9,1,1,28
BRDA:18,2,0,4
BRDA:20,3,0,8
BRDA:20,3,1,20
BRDA:20,3,2,16
BRDA:20,3,3,12
BRDA:20,3,4,16
BRDA:20,3,5,0
BRF:10
BRH:9
end_of_record
