TN:
SF:src\buildDiffTree.js
FN:4,(anonymous_0)
FN:7,(anonymous_1)
FNF:2
FNH:2
FNDA:30,(anonymous_0)
FNDA:108,(anonymous_1)
DA:4,2
DA:5,30
DA:7,30
DA:8,108
DA:9,30
DA:11,78
DA:12,12
DA:14,66
DA:15,24
DA:17,42
DA:18,24
DA:20,18
LF:12
LH:12
BRDA:8,0,0,30
BRDA:8,0,1,78
BRDA:11,1,0,12
BRDA:11,1,1,66
BRDA:14,2,0,24
BRDA:14,2,1,42
BRDA:14,3,0,66
BRDA:14,3,1,30
BRDA:17,4,0,24
BRDA:17,4,1,18
BRF:10
BRH:10
end_of_record
TN:
SF:src\genDiff.js
FN:7,(anonymous_0)
FN:13,(anonymous_1)
FNF:2
FNH:2
FNDA:12,(anonymous_0)
FNDA:6,(anonymous_1)
DA:7,2
DA:8,12
DA:9,12
DA:10,12
DA:13,2
DA:14,6
DA:15,6
DA:17,6
DA:19,6
LF:9
LH:9
BRDA:13,0,0,4
BRF:1
BRH:1
end_of_record
TN:
SF:src\parser.js
FN:5,(anonymous_0)
FNF:1
FNH:1
FNDA:12,(anonymous_0)
DA:5,2
DA:6,12
DA:8,6
DA:11,6
DA:13,0
LF:5
LH:4
BRDA:6,0,0,6
BRDA:6,0,1,6
BRDA:6,0,2,6
BRDA:6,0,3,0
BRF:4
BRH:3
end_of_record
TN:
SF:src\formatters\index.js
FN:9,(anonymous_0)
FNF:1
FNH:1
FNDA:6,(anonymous_0)
DA:4,2
DA:9,2
DA:10,6
DA:11,6
DA:12,6
LF:5
LH:5
BRDA:9,0,0,0
BRDA:11,1,0,0
BRDA:11,1,1,6
BRF:3
BRH:1
end_of_record
TN:
SF:src\formatters\plain.js
FN:1,(anonymous_0)
FN:3,(anonymous_1)
FN:9,(anonymous_2)
FN:10,(anonymous_3)
FNF:4
FNH:4
FNDA:26,(anonymous_0)
FNDA:26,(anonymous_1)
FNDA:10,(anonymous_2)
FNDA:36,(anonymous_3)
DA:1,26
DA:3,2
DA:4,26
DA:5,20
DA:6,6
DA:9,2
DA:10,10
DA:11,36
DA:13,36
DA:15,10
DA:17,4
DA:19,8
DA:21,8
DA:23,6
DA:25,0
DA:29,10
LF:16
LH:15
BRDA:1,0,0,26
BRDA:1,0,1,20
BRDA:1,0,2,6
BRDA:4,1,0,6
BRDA:4,1,1,20
BRDA:5,2,0,14
BRDA:5,2,1,6
BRDA:9,3,0,2
BRDA:11,4,0,28
BRDA:11,4,1,8
BRDA:13,5,0,10
BRDA:13,5,1,4
BRDA:13,5,2,8
BRDA:13,5,3,8
BRDA:13,5,4,6
BRDA:13,5,5,0
BRF:16
BRH:15
end_of_record
TN:
SF:src\formatters\stylish.js
FN:3,(anonymous_0)
FN:8,(anonymous_1)
FN:13,(anonymous_2)
FN:18,(anonymous_3)
FN:19,(anonymous_4)
FNF:5
FNH:5
FNDA:172,(anonymous_0)
FNDA:108,(anonymous_1)
FNDA:36,(anonymous_2)
FNDA:20,(anonymous_3)
FNDA:72,(anonymous_4)
DA:3,2
DA:4,172
DA:5,172
DA:8,2
DA:9,108
DA:10,80
DA:12,28
DA:13,36
DA:15,28
DA:18,2
DA:19,20
DA:20,72
DA:22,8
DA:24,20
DA:26,16
DA:31,12
DA:33,16
DA:35,0
DA:38,20
LF:19
LH:18
BRDA:3,0,0,172
BRDA:9,1,0,80
BRDA:9,1,1,28
BRDA:18,2,0,4
BRDA:20,3,0,8
BRDA:20,3,1,20
BRDA:20,3,2,16
BRDA:20,3,3,12
BRDA:20,3,4,16
BRDA:20,3,5,0
BRF:10
BRH:9
end_of_record
